# JRE version: Java(TM) SE Runtime Environment (8.0_191-b12) (build 1.8.0_191-b12)
# Java VM: Java HotSpot(TM) 64-Bit Server VM (25.191-b12 mixed mode windows-amd64 compressed oops)
Heap:
 PSYoungGen      total 152064K, used 54609K [0x00000000d5f00000, 0x00000000e4b80000, 0x0000000100000000)
  eden space 132608K, 28% used [0x00000000d5f00000,0x00000000d841e8a8,0x00000000de080000)
  from space 19456K, 85% used [0x00000000de080000,0x00000000df0b5bf0,0x00000000df380000)
  to   space 29184K, 0% used [0x00000000e2f00000,0x00000000e2f00000,0x00000000e4b80000)
 ParOldGen       total 100864K, used 70568K [0x0000000081c00000, 0x0000000087e80000, 0x00000000d5f00000)
  object space 100864K, 69% used [0x0000000081c00000,0x00000000860ea3d0,0x0000000087e80000)
 Metaspace       used 21825K, capacity 22142K, committed 22576K, reserved 1069056K
  class space    used 2539K, capacity 2649K, committed 2688K, reserved 1048576K
GC Heap History (10 events):
Event: 1.438 GC heap before
{Heap before GC invocations=6 (full 0):
 PSYoungGen      total 71680K, used 71648K [0x00000000d5f00000, 0x00000000e0600000, 0x0000000100000000)
  eden space 66560K, 100% used [0x00000000d5f00000,0x00000000da000000,0x00000000da000000)
  from space 5120K, 99% used [0x00000000da000000,0x00000000da4f8040,0x00000000da500000)
  to   space 18944K, 0% used [0x00000000df380000,0x00000000df380000,0x00000000e0600000)
 ParOldGen       total 87552K, used 50940K [0x0000000081c00000, 0x0000000087180000, 0x00000000d5f00000)
  object space 87552K, 58% used [0x0000000081c00000,0x0000000084dbf1c0,0x0000000087180000)
 Metaspace       used 12366K, capacity 12564K, committed 12800K, reserved 1060864K
  class space    used 1583K, capacity 1674K, committed 1792K, reserved 1048576K
Event: 1.445 GC heap after
Heap after GC invocations=6 (full 0):
 PSYoungGen      total 151552K, used 17140K [0x00000000d5f00000, 0x00000000e0700000, 0x0000000100000000)
  eden space 132608K, 0% used [0x00000000d5f00000,0x00000000d5f00000,0x00000000de080000)
  from space 18944K, 90% used [0x00000000df380000,0x00000000e043d2e8,0x00000000e0600000)
  to   space 19456K, 0% used [0x00000000de080000,0x00000000de080000,0x00000000df380000)
 ParOldGen       total 87552K, used 50948K [0x0000000081c00000, 0x0000000087180000, 0x00000000d5f00000)
  object space 87552K, 58% used [0x0000000081c00000,0x0000000084dc11c0,0x0000000087180000)
 Metaspace       used 12366K, capacity 12564K, committed 12800K, reserved 1060864K
  class space    used 1583K, capacity 1674K, committed 1792K, reserved 1048576K
}
Event: 5.099 GC heap before
{Heap before GC invocations=7 (full 0):
 PSYoungGen      total 151552K, used 67201K [0x00000000d5f00000, 0x00000000e0700000, 0x0000000100000000)
  eden space 132608K, 37% used [0x00000000d5f00000,0x00000000d8fe3288,0x00000000de080000)
  from space 18944K, 90% used [0x00000000df380000,0x00000000e043d2e8,0x00000000e0600000)
  to   space 19456K, 0% used [0x00000000de080000,0x00000000de080000,0x00000000df380000)
 ParOldGen       total 87552K, used 50948K [0x0000000081c00000, 0x0000000087180000, 0x00000000d5f00000)
  object space 87552K, 58% used [0x0000000081c00000,0x0000000084dc11c0,0x0000000087180000)
 Metaspace       used 20729K, capacity 21040K, committed 21552K, reserved 1069056K
  class space    used 2478K, capacity 2584K, committed 2688K, reserved 1048576K
Event: 5.119 GC heap after
Heap after GC invocations=7 (full 0):
 PSYoungGen      total 152064K, used 19429K [0x00000000d5f00000, 0x00000000e0700000, 0x0000000100000000)
  eden space 132608K, 0% used [0x00000000d5f00000,0x00000000d5f00000,0x00000000de080000)
  from space 19456K, 99% used [0x00000000de080000,0x00000000df379648,0x00000000df380000)
  to   space 18944K, 0% used [0x00000000df380000,0x00000000df380000,0x00000000e0600000)
 ParOldGen       total 87552K, used 70343K [0x0000000081c00000, 0x0000000087180000, 0x00000000d5f00000)
  object space 87552K, 80% used [0x0000000081c00000,0x00000000860b1e48,0x0000000087180000)
 Metaspace       used 20729K, capacity 21040K, committed 21552K, reserved 1069056K
  class space    used 2478K, capacity 2584K, committed 2688K, reserved 1048576K
}
Event: 5.119 GC heap before
{Heap before GC invocations=8 (full 1):
 PSYoungGen      total 152064K, used 19429K [0x00000000d5f00000, 0x00000000e0700000, 0x0000000100000000)
  eden space 132608K, 0% used [0x00000000d5f00000,0x00000000d5f00000,0x00000000de080000)
  from space 19456K, 99% used [0x00000000de080000,0x00000000df379648,0x00000000df380000)
  to   space 18944K, 0% used [0x00000000df380000,0x00000000df380000,0x00000000e0600000)
 ParOldGen       total 87552K, used 70343K [0x0000000081c00000, 0x0000000087180000, 0x00000000d5f00000)
  object space 87552K, 80% used [0x0000000081c00000,0x00000000860b1e48,0x0000000087180000)
 Metaspace       used 20729K, capacity 21040K, committed 21552K, reserved 1069056K
  class space    used 2478K, capacity 2584K, committed 2688K, reserved 1048576K
Event: 5.159 GC heap after
Heap after GC invocations=8 (full 1):
 PSYoungGen      total 152064K, used 0K [0x00000000d5f00000, 0x00000000e0700000, 0x0000000100000000)
  eden space 132608K, 0% used [0x00000000d5f00000,0x00000000d5f00000,0x00000000de080000)
  from space 19456K, 0% used [0x00000000de080000,0x00000000de080000,0x00000000df380000)
  to   space 18944K, 0% used [0x00000000df380000,0x00000000df380000,0x00000000e0600000)
 ParOldGen       total 100864K, used 38627K [0x0000000081c00000, 0x0000000087e80000, 0x00000000d5f00000)
  object space 100864K, 38% used [0x0000000081c00000,0x00000000841b8eb8,0x0000000087e80000)
 Metaspace       used 20729K, capacity 21040K, committed 21552K, reserved 1069056K
  class space    used 2478K, capacity 2584K, committed 2688K, reserved 1048576K
}
Event: 7.309 GC heap before
{Heap before GC invocations=9 (full 1):
 PSYoungGen      total 152064K, used 132608K [0x00000000d5f00000, 0x00000000e0700000, 0x0000000100000000)
  eden space 132608K, 100% used [0x00000000d5f00000,0x00000000de080000,0x00000000de080000)
  from space 19456K, 0% used [0x00000000de080000,0x00000000de080000,0x00000000df380000)
  to   space 18944K, 0% used [0x00000000df380000,0x00000000df380000,0x00000000e0600000)
 ParOldGen       total 100864K, used 38627K [0x0000000081c00000, 0x0000000087e80000, 0x00000000d5f00000)
  object space 100864K, 38% used [0x0000000081c00000,0x00000000841b8eb8,0x0000000087e80000)
 Metaspace       used 21188K, capacity 21456K, committed 21808K, reserved 1069056K
  class space    used 2509K, capacity 2616K, committed 2688K, reserved 1048576K
Event: 7.314 GC heap after
Heap after GC invocations=9 (full 1):
 PSYoungGen      total 151552K, used 14572K [0x00000000d5f00000, 0x00000000e0700000, 0x0000000100000000)
  eden space 132608K, 0% used [0x00000000d5f00000,0x00000000d5f00000,0x00000000de080000)
  from space 18944K, 76% used [0x00000000df380000,0x00000000e01bb320,0x00000000e0600000)
  to   space 19456K, 0% used [0x00000000de080000,0x00000000de080000,0x00000000df380000)
 ParOldGen       total 100864K, used 66643K [0x0000000081c00000, 0x0000000087e80000, 0x00000000d5f00000)
  object space 100864K, 66% used [0x0000000081c00000,0x0000000085d14e38,0x0000000087e80000)
 Metaspace       used 21188K, capacity 21456K, committed 21808K, reserved 1069056K
  class space    used 2509K, capacity 2616K, committed 2688K, reserved 1048576K
}
Event: 70.937 GC heap before
{Heap before GC invocations=10 (full 1):
 PSYoungGen      total 151552K, used 147180K [0x00000000d5f00000, 0x00000000e0700000, 0x0000000100000000)
  eden space 132608K, 100% used [0x00000000d5f00000,0x00000000de080000,0x00000000de080000)
  from space 18944K, 76% used [0x00000000df380000,0x00000000e01bb320,0x00000000e0600000)
  to   space 19456K, 0% used [0x00000000de080000,0x00000000de080000,0x00000000df380000)
 ParOldGen       total 100864K, used 66643K [0x0000000081c00000, 0x0000000087e80000, 0x00000000d5f00000)
  object space 100864K, 66% used [0x0000000081c00000,0x0000000085d14e38,0x0000000087e80000)
 Metaspace       used 21759K, capacity 22078K, committed 22320K, reserved 1069056K
  class space    used 2539K, capacity 2649K, committed 2688K, reserved 1048576K
Event: 70.941 GC heap after
Heap after GC invocations=10 (full 1):
 PSYoungGen      total 152064K, used 16598K [0x00000000d5f00000, 0x00000000e4b80000, 0x0000000100000000)
  eden space 132608K, 0% used [0x00000000d5f00000,0x00000000d5f00000,0x00000000de080000)
  from space 19456K, 85% used [0x00000000de080000,0x00000000df0b5bf0,0x00000000df380000)
  to   space 29184K, 0% used [0x00000000e2f00000,0x00000000e2f00000,0x00000000e4b80000)
 ParOldGen       total 100864K, used 70568K [0x0000000081c00000, 0x0000000087e80000, 0x00000000d5f00000)
  object space 100864K, 69% used [0x0000000081c00000,0x00000000860ea3d0,0x0000000087e80000)
 Metaspace       used 21759K, capacity 22078K, committed 22320K, reserved 1069056K
  class space    used 2539K, capacity 2649K, committed 2688K, reserved 1048576K
}

